{"/Users/helloFriend/Desktop/C0DE/AffordabilityCalculator/client/src/components/App.jsx": {"path":"/Users/helloFriend/Desktop/C0DE/AffordabilityCalculator/client/src/components/App.jsx","statementMap":{"0":{"start":{"line":8,"column":21},"end":{"line":13,"column":1}},"1":{"start":{"line":17,"column":4},"end":{"line":17,"column":17}},"2":{"start":{"line":18,"column":4},"end":{"line":31,"column":6}},"3":{"start":{"line":32,"column":4},"end":{"line":32,"column":63}},"4":{"start":{"line":33,"column":4},"end":{"line":33,"column":75}},"5":{"start":{"line":34,"column":4},"end":{"line":34,"column":75}},"6":{"start":{"line":35,"column":4},"end":{"line":35,"column":69}},"7":{"start":{"line":39,"column":4},"end":{"line":39,"column":36}},"8":{"start":{"line":43,"column":4},"end":{"line":43,"column":47}},"9":{"start":{"line":44,"column":67},"end":{"line":44,"column":77}},"10":{"start":{"line":45,"column":22},"end":{"line":45,"column":83}},"11":{"start":{"line":46,"column":20},"end":{"line":46,"column":75}},"12":{"start":{"line":48,"column":4},"end":{"line":50,"column":7}},"13":{"start":{"line":54,"column":24},"end":{"line":57,"column":5}},"14":{"start":{"line":58,"column":20},"end":{"line":58,"column":47}},"15":{"start":{"line":59,"column":22},"end":{"line":64,"column":5}},"16":{"start":{"line":65,"column":20},"end":{"line":69,"column":5}},"17":{"start":{"line":70,"column":24},"end":{"line":70,"column":73}},"18":{"start":{"line":72,"column":4},"end":{"line":79,"column":7}},"19":{"start":{"line":83,"column":54},"end":{"line":83,"column":64}},"20":{"start":{"line":84,"column":24},"end":{"line":84,"column":73}},"21":{"start":{"line":85,"column":22},"end":{"line":90,"column":5}},"22":{"start":{"line":91,"column":20},"end":{"line":91,"column":75}},"23":{"start":{"line":93,"column":4},"end":{"line":98,"column":7}},"24":{"start":{"line":102,"column":4},"end":{"line":102,"column":36}},"25":{"start":{"line":103,"column":68},"end":{"line":103,"column":78}},"26":{"start":{"line":104,"column":24},"end":{"line":104,"column":72}},"27":{"start":{"line":105,"column":22},"end":{"line":110,"column":5}},"28":{"start":{"line":111,"column":20},"end":{"line":111,"column":75}},"29":{"start":{"line":113,"column":4},"end":{"line":118,"column":7}},"30":{"start":{"line":132,"column":8},"end":{"line":132,"column":18}},"31":{"start":{"line":134,"column":4},"end":{"line":134,"column":46}},"32":{"start":{"line":134,"column":17},"end":{"line":134,"column":46}},"33":{"start":{"line":136,"column":4},"end":{"line":151,"column":6}}},"fnMap":{"0":{"name":"(anonymous_0)","decl":{"start":{"line":16,"column":2},"end":{"line":16,"column":3}},"loc":{"start":{"line":16,"column":21},"end":{"line":36,"column":3}},"line":16},"1":{"name":"(anonymous_1)","decl":{"start":{"line":38,"column":2},"end":{"line":38,"column":3}},"loc":{"start":{"line":38,"column":22},"end":{"line":40,"column":3}},"line":38},"2":{"name":"(anonymous_2)","decl":{"start":{"line":42,"column":2},"end":{"line":42,"column":3}},"loc":{"start":{"line":42,"column":37},"end":{"line":51,"column":3}},"line":42},"3":{"name":"(anonymous_3)","decl":{"start":{"line":53,"column":2},"end":{"line":53,"column":3}},"loc":{"start":{"line":53,"column":31},"end":{"line":80,"column":3}},"line":53},"4":{"name":"(anonymous_4)","decl":{"start":{"line":82,"column":2},"end":{"line":82,"column":3}},"loc":{"start":{"line":82,"column":39},"end":{"line":99,"column":3}},"line":82},"5":{"name":"(anonymous_5)","decl":{"start":{"line":101,"column":2},"end":{"line":101,"column":3}},"loc":{"start":{"line":101,"column":39},"end":{"line":119,"column":3}},"line":101},"6":{"name":"(anonymous_6)","decl":{"start":{"line":121,"column":2},"end":{"line":121,"column":3}},"loc":{"start":{"line":121,"column":11},"end":{"line":152,"column":3}},"line":121}},"branchMap":{"0":{"loc":{"start":{"line":134,"column":4},"end":{"line":134,"column":46}},"type":"if","locations":[{"start":{"line":134,"column":4},"end":{"line":134,"column":46}},{"start":{"line":134,"column":4},"end":{"line":134,"column":46}}],"line":134}},"s":{"0":1,"1":3,"2":3,"3":3,"4":3,"5":3,"6":3,"7":3,"8":0,"9":0,"10":0,"11":0,"12":0,"13":3,"14":3,"15":3,"16":3,"17":3,"18":3,"19":0,"20":0,"21":0,"22":0,"23":0,"24":0,"25":0,"26":0,"27":0,"28":0,"29":0,"30":6,"31":6,"32":3,"33":3},"f":{"0":3,"1":3,"2":0,"3":3,"4":0,"5":0,"6":6},"b":{"0":[3,3]},"_coverageSchema":"1a1c01bbd47fc00a2c39e90264f33305004495a9","hash":"f05938662662f88baaf5396ed8eb3e5f3a7d75cb"}
,"/Users/helloFriend/Desktop/C0DE/AffordabilityCalculator/client/src/components/Chart.jsx": {"path":"/Users/helloFriend/Desktop/C0DE/AffordabilityCalculator/client/src/components/Chart.jsx","statementMap":{"0":{"start":{"line":4,"column":21},"end":{"line":13,"column":1}},"1":{"start":{"line":14,"column":23},"end":{"line":23,"column":1}},"2":{"start":{"line":25,"column":14},"end":{"line":90,"column":1}},"3":{"start":{"line":26,"column":76},"end":{"line":26,"column":81}},"4":{"start":{"line":28,"column":19},"end":{"line":28,"column":58}},"5":{"start":{"line":28,"column":37},"end":{"line":28,"column":58}},"6":{"start":{"line":29,"column":16},"end":{"line":29,"column":71}},"7":{"start":{"line":31,"column":24},"end":{"line":31,"column":50}},"8":{"start":{"line":32,"column":26},"end":{"line":32,"column":54}},"9":{"start":{"line":33,"column":23},"end":{"line":33,"column":53}},"10":{"start":{"line":34,"column":28},"end":{"line":34,"column":58}},"11":{"start":{"line":35,"column":25},"end":{"line":35,"column":49}},"12":{"start":{"line":36,"column":21},"end":{"line":36,"column":50}},"13":{"start":{"line":37,"column":21},"end":{"line":37,"column":51}},"14":{"start":{"line":39,"column":2},"end":{"line":89,"column":4}}},"fnMap":{"0":{"name":"(anonymous_0)","decl":{"start":{"line":25,"column":14},"end":{"line":25,"column":15}},"loc":{"start":{"line":25,"column":29},"end":{"line":90,"column":1}},"line":25},"1":{"name":"(anonymous_1)","decl":{"start":{"line":28,"column":19},"end":{"line":28,"column":20}},"loc":{"start":{"line":28,"column":37},"end":{"line":28,"column":58}},"line":28}},"branchMap":{},"s":{"0":1,"1":1,"2":1,"3":0,"4":0,"5":0,"6":0,"7":0,"8":0,"9":0,"10":0,"11":0,"12":0,"13":0,"14":0},"f":{"0":0,"1":0},"b":{},"_coverageSchema":"1a1c01bbd47fc00a2c39e90264f33305004495a9","hash":"e88eb54f93cbaa316cdfa600eff3ea5476c0883f"}
,"/Users/helloFriend/Desktop/C0DE/AffordabilityCalculator/client/src/components/Controls.jsx": {"path":"/Users/helloFriend/Desktop/C0DE/AffordabilityCalculator/client/src/components/Controls.jsx","statementMap":{"0":{"start":{"line":9,"column":24},"end":{"line":18,"column":1}},"1":{"start":{"line":20,"column":17},"end":{"line":37,"column":1}},"2":{"start":{"line":21,"column":2},"end":{"line":36,"column":20}}},"fnMap":{"0":{"name":"(anonymous_0)","decl":{"start":{"line":20,"column":17},"end":{"line":20,"column":18}},"loc":{"start":{"line":21,"column":2},"end":{"line":36,"column":20}},"line":21}},"branchMap":{},"s":{"0":1,"1":1,"2":4},"f":{"0":4},"b":{},"_coverageSchema":"1a1c01bbd47fc00a2c39e90264f33305004495a9","hash":"8b1c90bb3cd409ab04e43a0bf197c700aed33b04"}
,"/Users/helloFriend/Desktop/C0DE/AffordabilityCalculator/client/src/components/Cost.jsx": {"path":"/Users/helloFriend/Desktop/C0DE/AffordabilityCalculator/client/src/components/Cost.jsx","statementMap":{"0":{"start":{"line":4,"column":20},"end":{"line":10,"column":1}},"1":{"start":{"line":12,"column":24},"end":{"line":18,"column":1}},"2":{"start":{"line":20,"column":19},"end":{"line":26,"column":1}},"3":{"start":{"line":28,"column":13},"end":{"line":36,"column":1}},"4":{"start":{"line":29,"column":2},"end":{"line":35,"column":16}}},"fnMap":{"0":{"name":"(anonymous_0)","decl":{"start":{"line":28,"column":13},"end":{"line":28,"column":14}},"loc":{"start":{"line":29,"column":2},"end":{"line":35,"column":16}},"line":29}},"branchMap":{},"s":{"0":1,"1":1,"2":1,"3":1,"4":0},"f":{"0":0},"b":{},"_coverageSchema":"1a1c01bbd47fc00a2c39e90264f33305004495a9","hash":"b63328375046315fb6d2a51f29c4675a618167ba"}
,"/Users/helloFriend/Desktop/C0DE/AffordabilityCalculator/client/src/components/CostBreakdown.jsx": {"path":"/Users/helloFriend/Desktop/C0DE/AffordabilityCalculator/client/src/components/CostBreakdown.jsx","statementMap":{"0":{"start":{"line":5,"column":20},"end":{"line":12,"column":1}},"1":{"start":{"line":14,"column":19},"end":{"line":17,"column":1}},"2":{"start":{"line":19,"column":12},"end":{"line":44,"column":1}},"3":{"start":{"line":46,"column":22},"end":{"line":75,"column":1}},"4":{"start":{"line":47,"column":67},"end":{"line":47,"column":72}},"5":{"start":{"line":48,"column":2},"end":{"line":74,"column":4}}},"fnMap":{"0":{"name":"(anonymous_0)","decl":{"start":{"line":46,"column":22},"end":{"line":46,"column":23}},"loc":{"start":{"line":46,"column":37},"end":{"line":75,"column":1}},"line":46}},"branchMap":{},"s":{"0":1,"1":1,"2":1,"3":1,"4":0,"5":0},"f":{"0":0},"b":{},"_coverageSchema":"1a1c01bbd47fc00a2c39e90264f33305004495a9","hash":"8e2acc6e57bfbb391498b5a25bd0abb4c5823edd"}
,"/Users/helloFriend/Desktop/C0DE/AffordabilityCalculator/client/src/components/Display.jsx": {"path":"/Users/helloFriend/Desktop/C0DE/AffordabilityCalculator/client/src/components/Display.jsx","statementMap":{"0":{"start":{"line":7,"column":23},"end":{"line":15,"column":1}},"1":{"start":{"line":17,"column":16},"end":{"line":22,"column":1}},"2":{"start":{"line":18,"column":2},"end":{"line":21,"column":19}}},"fnMap":{"0":{"name":"(anonymous_0)","decl":{"start":{"line":17,"column":16},"end":{"line":17,"column":17}},"loc":{"start":{"line":18,"column":2},"end":{"line":21,"column":19}},"line":18}},"branchMap":{},"s":{"0":1,"1":1,"2":2},"f":{"0":2},"b":{},"_coverageSchema":"1a1c01bbd47fc00a2c39e90264f33305004495a9","hash":"c732d0073d36525d69d61af7684e91c495c0d3f6"}
,"/Users/helloFriend/Desktop/C0DE/AffordabilityCalculator/client/src/components/DownPayment.jsx": {"path":"/Users/helloFriend/Desktop/C0DE/AffordabilityCalculator/client/src/components/DownPayment.jsx","statementMap":{"0":{"start":{"line":6,"column":29},"end":{"line":16,"column":1}},"1":{"start":{"line":18,"column":21},"end":{"line":24,"column":1}},"2":{"start":{"line":26,"column":23},"end":{"line":62,"column":1}},"3":{"start":{"line":64,"column":20},"end":{"line":143,"column":1}},"4":{"start":{"line":71,"column":28},"end":{"line":71,"column":49}},"5":{"start":{"line":72,"column":26},"end":{"line":72,"column":38}},"6":{"start":{"line":73,"column":24},"end":{"line":73,"column":35}},"7":{"start":{"line":74,"column":28},"end":{"line":74,"column":62}},"8":{"start":{"line":75,"column":28},"end":{"line":75,"column":63}},"9":{"start":{"line":77,"column":17},"end":{"line":83,"column":3}},"10":{"start":{"line":85,"column":23},"end":{"line":96,"column":3}},"11":{"start":{"line":86,"column":20},"end":{"line":86,"column":34}},"12":{"start":{"line":88,"column":4},"end":{"line":91,"column":5}},"13":{"start":{"line":89,"column":22},"end":{"line":89,"column":40}},"14":{"start":{"line":90,"column":6},"end":{"line":90,"column":43}},"15":{"start":{"line":93,"column":4},"end":{"line":93,"column":24}},"16":{"start":{"line":94,"column":4},"end":{"line":94,"column":37}},"17":{"start":{"line":95,"column":4},"end":{"line":95,"column":39}},"18":{"start":{"line":98,"column":24},"end":{"line":106,"column":3}},"19":{"start":{"line":99,"column":14},"end":{"line":99,"column":45}},"20":{"start":{"line":101,"column":4},"end":{"line":103,"column":5}},"21":{"start":{"line":102,"column":6},"end":{"line":102,"column":15}},"22":{"start":{"line":104,"column":4},"end":{"line":104,"column":21}},"23":{"start":{"line":105,"column":4},"end":{"line":105,"column":33}},"24":{"start":{"line":108,"column":2},"end":{"line":110,"column":9}},"25":{"start":{"line":109,"column":4},"end":{"line":109,"column":30}},"26":{"start":{"line":112,"column":2},"end":{"line":142,"column":4}}},"fnMap":{"0":{"name":"(anonymous_0)","decl":{"start":{"line":64,"column":20},"end":{"line":64,"column":21}},"loc":{"start":{"line":70,"column":6},"end":{"line":143,"column":1}},"line":70},"1":{"name":"(anonymous_1)","decl":{"start":{"line":85,"column":23},"end":{"line":85,"column":24}},"loc":{"start":{"line":85,"column":30},"end":{"line":96,"column":3}},"line":85},"2":{"name":"(anonymous_2)","decl":{"start":{"line":98,"column":24},"end":{"line":98,"column":25}},"loc":{"start":{"line":98,"column":31},"end":{"line":106,"column":3}},"line":98},"3":{"name":"(anonymous_3)","decl":{"start":{"line":108,"column":12},"end":{"line":108,"column":13}},"loc":{"start":{"line":108,"column":18},"end":{"line":110,"column":3}},"line":108}},"branchMap":{"0":{"loc":{"start":{"line":88,"column":4},"end":{"line":91,"column":5}},"type":"if","locations":[{"start":{"line":88,"column":4},"end":{"line":91,"column":5}},{"start":{"line":88,"column":4},"end":{"line":91,"column":5}}],"line":88},"1":{"loc":{"start":{"line":101,"column":4},"end":{"line":103,"column":5}},"type":"if","locations":[{"start":{"line":101,"column":4},"end":{"line":103,"column":5}},{"start":{"line":101,"column":4},"end":{"line":103,"column":5}}],"line":101}},"s":{"0":1,"1":1,"2":1,"3":1,"4":0,"5":0,"6":0,"7":0,"8":0,"9":0,"10":0,"11":0,"12":0,"13":0,"14":0,"15":0,"16":0,"17":0,"18":0,"19":0,"20":0,"21":0,"22":0,"23":0,"24":0,"25":0,"26":0},"f":{"0":0,"1":0,"2":0,"3":0},"b":{"0":[0,0],"1":[0,0]},"_coverageSchema":"1a1c01bbd47fc00a2c39e90264f33305004495a9","hash":"116d14cae44c8414a52e734cead1df39141fc2ed"}
,"/Users/helloFriend/Desktop/C0DE/AffordabilityCalculator/client/src/components/Header.jsx": {"path":"/Users/helloFriend/Desktop/C0DE/AffordabilityCalculator/client/src/components/Header.jsx","statementMap":{"0":{"start":{"line":5,"column":24},"end":{"line":12,"column":1}},"1":{"start":{"line":14,"column":16},"end":{"line":19,"column":1}},"2":{"start":{"line":20,"column":15},"end":{"line":35,"column":1}},"3":{"start":{"line":21,"column":24},"end":{"line":21,"column":54}},"4":{"start":{"line":23,"column":2},"end":{"line":34,"column":4}}},"fnMap":{"0":{"name":"(anonymous_0)","decl":{"start":{"line":20,"column":15},"end":{"line":20,"column":16}},"loc":{"start":{"line":20,"column":32},"end":{"line":35,"column":1}},"line":20}},"branchMap":{},"s":{"0":1,"1":1,"2":1,"3":0,"4":0},"f":{"0":0},"b":{},"_coverageSchema":"1a1c01bbd47fc00a2c39e90264f33305004495a9","hash":"13a17d44c5f401fff3d463c15e2b7ec8279a7d61"}
,"/Users/helloFriend/Desktop/C0DE/AffordabilityCalculator/client/src/components/HomePrice.jsx": {"path":"/Users/helloFriend/Desktop/C0DE/AffordabilityCalculator/client/src/components/HomePrice.jsx","statementMap":{"0":{"start":{"line":7,"column":25},"end":{"line":16,"column":1}},"1":{"start":{"line":17,"column":19},"end":{"line":26,"column":1}},"2":{"start":{"line":28,"column":18},"end":{"line":75,"column":1}},"3":{"start":{"line":29,"column":28},"end":{"line":29,"column":47}},"4":{"start":{"line":30,"column":26},"end":{"line":30,"column":38}},"5":{"start":{"line":31,"column":24},"end":{"line":31,"column":35}},"6":{"start":{"line":32,"column":22},"end":{"line":32,"column":54}},"7":{"start":{"line":34,"column":23},"end":{"line":43,"column":3}},"8":{"start":{"line":35,"column":17},"end":{"line":35,"column":35}},"9":{"start":{"line":36,"column":4},"end":{"line":39,"column":5}},"10":{"start":{"line":37,"column":24},"end":{"line":37,"column":39}},"11":{"start":{"line":38,"column":6},"end":{"line":38,"column":42}},"12":{"start":{"line":40,"column":4},"end":{"line":40,"column":21}},"13":{"start":{"line":41,"column":4},"end":{"line":41,"column":34}},"14":{"start":{"line":42,"column":4},"end":{"line":42,"column":30}},"15":{"start":{"line":45,"column":17},"end":{"line":51,"column":3}},"16":{"start":{"line":53,"column":2},"end":{"line":55,"column":9}},"17":{"start":{"line":54,"column":4},"end":{"line":54,"column":28}},"18":{"start":{"line":57,"column":2},"end":{"line":74,"column":4}}},"fnMap":{"0":{"name":"(anonymous_0)","decl":{"start":{"line":28,"column":18},"end":{"line":28,"column":19}},"loc":{"start":{"line":28,"column":56},"end":{"line":75,"column":1}},"line":28},"1":{"name":"(anonymous_1)","decl":{"start":{"line":34,"column":23},"end":{"line":34,"column":24}},"loc":{"start":{"line":34,"column":34},"end":{"line":43,"column":3}},"line":34},"2":{"name":"(anonymous_2)","decl":{"start":{"line":53,"column":12},"end":{"line":53,"column":13}},"loc":{"start":{"line":53,"column":18},"end":{"line":55,"column":3}},"line":53}},"branchMap":{"0":{"loc":{"start":{"line":36,"column":4},"end":{"line":39,"column":5}},"type":"if","locations":[{"start":{"line":36,"column":4},"end":{"line":39,"column":5}},{"start":{"line":36,"column":4},"end":{"line":39,"column":5}}],"line":36}},"s":{"0":1,"1":1,"2":1,"3":0,"4":0,"5":0,"6":0,"7":0,"8":0,"9":0,"10":0,"11":0,"12":0,"13":0,"14":0,"15":0,"16":0,"17":0,"18":0},"f":{"0":0,"1":0,"2":0},"b":{"0":[0,0]},"_coverageSchema":"1a1c01bbd47fc00a2c39e90264f33305004495a9","hash":"674af3d039d0f911ad23717a1b89fd65aef54e9b"}
,"/Users/helloFriend/Desktop/C0DE/AffordabilityCalculator/client/src/components/InterestRate.jsx": {"path":"/Users/helloFriend/Desktop/C0DE/AffordabilityCalculator/client/src/components/InterestRate.jsx","statementMap":{"0":{"start":{"line":6,"column":28},"end":{"line":15,"column":1}},"1":{"start":{"line":17,"column":19},"end":{"line":27,"column":1}},"2":{"start":{"line":29,"column":21},"end":{"line":73,"column":1}},"3":{"start":{"line":30,"column":28},"end":{"line":30,"column":50}},"4":{"start":{"line":31,"column":26},"end":{"line":31,"column":38}},"5":{"start":{"line":32,"column":24},"end":{"line":32,"column":35}},"6":{"start":{"line":34,"column":21},"end":{"line":41,"column":3}},"7":{"start":{"line":35,"column":14},"end":{"line":35,"column":45}},"8":{"start":{"line":36,"column":4},"end":{"line":38,"column":5}},"9":{"start":{"line":37,"column":6},"end":{"line":37,"column":15}},"10":{"start":{"line":39,"column":4},"end":{"line":39,"column":30}},"11":{"start":{"line":40,"column":4},"end":{"line":40,"column":18}},"12":{"start":{"line":43,"column":17},"end":{"line":49,"column":3}},"13":{"start":{"line":51,"column":2},"end":{"line":53,"column":9}},"14":{"start":{"line":52,"column":4},"end":{"line":52,"column":31}},"15":{"start":{"line":55,"column":2},"end":{"line":72,"column":4}},"16":{"start":{"line":69,"column":25},"end":{"line":69,"column":40}}},"fnMap":{"0":{"name":"(anonymous_0)","decl":{"start":{"line":29,"column":21},"end":{"line":29,"column":22}},"loc":{"start":{"line":29,"column":76},"end":{"line":73,"column":1}},"line":29},"1":{"name":"(anonymous_1)","decl":{"start":{"line":34,"column":21},"end":{"line":34,"column":22}},"loc":{"start":{"line":34,"column":28},"end":{"line":41,"column":3}},"line":34},"2":{"name":"(anonymous_2)","decl":{"start":{"line":51,"column":12},"end":{"line":51,"column":13}},"loc":{"start":{"line":51,"column":18},"end":{"line":53,"column":3}},"line":51},"3":{"name":"(anonymous_3)","decl":{"start":{"line":69,"column":18},"end":{"line":69,"column":19}},"loc":{"start":{"line":69,"column":25},"end":{"line":69,"column":40}},"line":69}},"branchMap":{"0":{"loc":{"start":{"line":36,"column":4},"end":{"line":38,"column":5}},"type":"if","locations":[{"start":{"line":36,"column":4},"end":{"line":38,"column":5}},{"start":{"line":36,"column":4},"end":{"line":38,"column":5}}],"line":36}},"s":{"0":1,"1":1,"2":1,"3":0,"4":0,"5":0,"6":0,"7":0,"8":0,"9":0,"10":0,"11":0,"12":0,"13":0,"14":0,"15":0,"16":0},"f":{"0":0,"1":0,"2":0,"3":0},"b":{"0":[0,0]},"_coverageSchema":"1a1c01bbd47fc00a2c39e90264f33305004495a9","hash":"495218ab6b4e598dfa35091778d075a4837b1b6e"}
,"/Users/helloFriend/Desktop/C0DE/AffordabilityCalculator/client/src/components/LoanType.jsx": {"path":"/Users/helloFriend/Desktop/C0DE/AffordabilityCalculator/client/src/components/LoanType.jsx","statementMap":{"0":{"start":{"line":4,"column":26},"end":{"line":14,"column":1}},"1":{"start":{"line":16,"column":21},"end":{"line":25,"column":1}},"2":{"start":{"line":27,"column":24},"end":{"line":50,"column":1}},"3":{"start":{"line":52,"column":23},"end":{"line":58,"column":1}},"4":{"start":{"line":60,"column":14},"end":{"line":66,"column":1}},"5":{"start":{"line":68,"column":17},"end":{"line":98,"column":1}},"6":{"start":{"line":69,"column":40},"end":{"line":69,"column":65}},"7":{"start":{"line":71,"column":23},"end":{"line":73,"column":3}},"8":{"start":{"line":72,"column":4},"end":{"line":72,"column":35}},"9":{"start":{"line":75,"column":2},"end":{"line":97,"column":4}}},"fnMap":{"0":{"name":"(anonymous_0)","decl":{"start":{"line":68,"column":17},"end":{"line":68,"column":18}},"loc":{"start":{"line":68,"column":23},"end":{"line":98,"column":1}},"line":68},"1":{"name":"(anonymous_1)","decl":{"start":{"line":71,"column":23},"end":{"line":71,"column":24}},"loc":{"start":{"line":71,"column":30},"end":{"line":73,"column":3}},"line":71}},"branchMap":{},"s":{"0":1,"1":1,"2":1,"3":1,"4":1,"5":1,"6":0,"7":0,"8":0,"9":0},"f":{"0":0,"1":0},"b":{},"_coverageSchema":"1a1c01bbd47fc00a2c39e90264f33305004495a9","hash":"66a6da6a8be3601082ee9d7e471cd3334b1dd3f1"}
,"/Users/helloFriend/Desktop/C0DE/AffordabilityCalculator/client/src/components/RangeSlider.jsx": {"path":"/Users/helloFriend/Desktop/C0DE/AffordabilityCalculator/client/src/components/RangeSlider.jsx","statementMap":{"0":{"start":{"line":4,"column":15},"end":{"line":12,"column":1}},"1":{"start":{"line":8,"column":37},"end":{"line":8,"column":41}},"2":{"start":{"line":9,"column":39},"end":{"line":9,"column":43}},"3":{"start":{"line":14,"column":20},"end":{"line":26,"column":1}},"4":{"start":{"line":15,"column":28},"end":{"line":15,"column":45}},"5":{"start":{"line":16,"column":26},"end":{"line":16,"column":38}},"6":{"start":{"line":18,"column":23},"end":{"line":21,"column":3}},"7":{"start":{"line":19,"column":4},"end":{"line":19,"column":33}},"8":{"start":{"line":20,"column":4},"end":{"line":20,"column":54}},"9":{"start":{"line":23,"column":2},"end":{"line":25,"column":4}}},"fnMap":{"0":{"name":"(anonymous_0)","decl":{"start":{"line":8,"column":23},"end":{"line":8,"column":24}},"loc":{"start":{"line":8,"column":37},"end":{"line":8,"column":41}},"line":8},"1":{"name":"(anonymous_1)","decl":{"start":{"line":9,"column":25},"end":{"line":9,"column":26}},"loc":{"start":{"line":9,"column":39},"end":{"line":9,"column":43}},"line":9},"2":{"name":"(anonymous_2)","decl":{"start":{"line":14,"column":20},"end":{"line":14,"column":21}},"loc":{"start":{"line":14,"column":49},"end":{"line":26,"column":1}},"line":14},"3":{"name":"(anonymous_3)","decl":{"start":{"line":18,"column":23},"end":{"line":18,"column":24}},"loc":{"start":{"line":18,"column":34},"end":{"line":21,"column":3}},"line":18}},"branchMap":{},"s":{"0":1,"1":0,"2":0,"3":1,"4":0,"5":0,"6":0,"7":0,"8":0,"9":0},"f":{"0":0,"1":0,"2":0,"3":0},"b":{},"_coverageSchema":"1a1c01bbd47fc00a2c39e90264f33305004495a9","hash":"95fe9b59fd171914534118fad0e7b65570f1ba86"}
,"/Users/helloFriend/Desktop/C0DE/AffordabilityCalculator/client/src/utils/calculator.jsx": {"path":"/Users/helloFriend/Desktop/C0DE/AffordabilityCalculator/client/src/utils/calculator.jsx","statementMap":{"0":{"start":{"line":1,"column":35},"end":{"line":1,"column":98}},"1":{"start":{"line":1,"column":63},"end":{"line":1,"column":98}},"2":{"start":{"line":3,"column":36},"end":{"line":3,"column":85}},"3":{"start":{"line":3,"column":63},"end":{"line":3,"column":85}},"4":{"start":{"line":5,"column":27},"end":{"line":5,"column":73}},"5":{"start":{"line":5,"column":42},"end":{"line":5,"column":73}},"6":{"start":{"line":7,"column":29},"end":{"line":16,"column":1}},"7":{"start":{"line":13,"column":21},"end":{"line":13,"column":44}},"8":{"start":{"line":14,"column":28},"end":{"line":14,"column":65}},"9":{"start":{"line":15,"column":2},"end":{"line":15,"column":54}},"10":{"start":{"line":18,"column":27},"end":{"line":19,"column":1}},"11":{"start":{"line":18,"column":79},"end":{"line":18,"column":139}}},"fnMap":{"0":{"name":"(anonymous_0)","decl":{"start":{"line":1,"column":35},"end":{"line":1,"column":36}},"loc":{"start":{"line":1,"column":63},"end":{"line":1,"column":98}},"line":1},"1":{"name":"(anonymous_1)","decl":{"start":{"line":3,"column":36},"end":{"line":3,"column":37}},"loc":{"start":{"line":3,"column":63},"end":{"line":3,"column":85}},"line":3},"2":{"name":"(anonymous_2)","decl":{"start":{"line":5,"column":27},"end":{"line":5,"column":28}},"loc":{"start":{"line":5,"column":42},"end":{"line":5,"column":73}},"line":5},"3":{"name":"(anonymous_3)","decl":{"start":{"line":7,"column":29},"end":{"line":7,"column":30}},"loc":{"start":{"line":12,"column":5},"end":{"line":16,"column":1}},"line":12},"4":{"name":"(anonymous_4)","decl":{"start":{"line":18,"column":27},"end":{"line":18,"column":28}},"loc":{"start":{"line":18,"column":79},"end":{"line":18,"column":139}},"line":18}},"branchMap":{"0":{"loc":{"start":{"line":18,"column":52},"end":{"line":18,"column":73}},"type":"default-arg","locations":[{"start":{"line":18,"column":72},"end":{"line":18,"column":73}}],"line":18}},"s":{"0":2,"1":4,"2":2,"3":4,"4":2,"5":3,"6":2,"7":3,"8":3,"9":3,"10":2,"11":3},"f":{"0":4,"1":4,"2":3,"3":3,"4":3},"b":{"0":[0]},"_coverageSchema":"1a1c01bbd47fc00a2c39e90264f33305004495a9","hash":"5c9ab0febb4aee678527f867183337cbbbb382db"}
}
