TN:
SF:client/src/components/App.jsx
FN:16,(anonymous_0)
FN:35,(anonymous_1)
FN:39,(anonymous_2)
FN:68,(anonymous_3)
FNF:4
FNH:4
FNDA:3,(anonymous_0)
FNDA:3,(anonymous_1)
FNDA:3,(anonymous_2)
FNDA:6,(anonymous_3)
DA:8,1
DA:17,3
DA:18,3
DA:32,3
DA:36,3
DA:40,3
DA:44,3
DA:45,3
DA:51,3
DA:56,3
DA:58,3
DA:79,6
DA:81,6
DA:83,3
LF:14
LH:14
BRDA:81,0,0,3
BRDA:81,0,1,3
BRF:2
BRH:2
end_of_record
TN:
SF:client/src/components/Chart.jsx
FN:25,(anonymous_0)
FN:28,(anonymous_1)
FNF:2
FNH:0
FNDA:0,(anonymous_0)
FNDA:0,(anonymous_1)
DA:4,1
DA:14,1
DA:25,1
DA:26,0
DA:28,0
DA:29,0
DA:31,0
DA:32,0
DA:33,0
DA:34,0
DA:35,0
DA:36,0
DA:37,0
DA:39,0
LF:14
LH:3
BRF:0
BRH:0
end_of_record
TN:
SF:client/src/components/Controls.jsx
FN:20,(anonymous_0)
FNF:1
FNH:1
FNDA:4,(anonymous_0)
DA:9,1
DA:20,1
DA:21,4
LF:3
LH:3
BRF:0
BRH:0
end_of_record
TN:
SF:client/src/components/Cost.jsx
FN:28,(anonymous_0)
FNF:1
FNH:0
FNDA:0,(anonymous_0)
DA:4,1
DA:12,1
DA:20,1
DA:28,1
DA:29,0
LF:5
LH:4
BRF:0
BRH:0
end_of_record
TN:
SF:client/src/components/CostBreakdown.jsx
FN:14,(anonymous_0)
FNF:1
FNH:0
FNDA:0,(anonymous_0)
DA:5,1
DA:14,1
DA:15,0
DA:16,0
LF:4
LH:2
BRF:0
BRH:0
end_of_record
TN:
SF:client/src/components/Display.jsx
FN:17,(anonymous_0)
FNF:1
FNH:1
FNDA:2,(anonymous_0)
DA:7,1
DA:17,1
DA:18,2
LF:3
LH:3
BRF:0
BRH:0
end_of_record
TN:
SF:client/src/components/DownPayment.jsx
FN:64,(anonymous_0)
FNF:1
FNH:0
FNDA:0,(anonymous_0)
DA:6,1
DA:18,1
DA:26,1
DA:64,1
DA:65,0
DA:67,0
LF:6
LH:4
BRF:0
BRH:0
end_of_record
TN:
SF:client/src/components/Header.jsx
FN:20,(anonymous_0)
FNF:1
FNH:0
FNDA:0,(anonymous_0)
DA:5,1
DA:14,1
DA:20,1
DA:21,0
DA:23,0
LF:5
LH:3
BRF:0
BRH:0
end_of_record
TN:
SF:client/src/components/HomePrice.jsx
FN:28,(anonymous_0)
FN:34,(anonymous_1)
FN:53,(anonymous_2)
FNF:3
FNH:0
FNDA:0,(anonymous_0)
FNDA:0,(anonymous_1)
FNDA:0,(anonymous_2)
DA:7,1
DA:17,1
DA:28,1
DA:29,0
DA:30,0
DA:31,0
DA:32,0
DA:34,0
DA:35,0
DA:36,0
DA:37,0
DA:38,0
DA:40,0
DA:41,0
DA:42,0
DA:45,0
DA:53,0
DA:54,0
DA:57,0
LF:19
LH:3
BRDA:36,0,0,0
BRDA:36,0,1,0
BRF:2
BRH:0
end_of_record
TN:
SF:client/src/components/InterestRate.jsx
FN:29,(anonymous_0)
FNF:1
FNH:0
FNDA:0,(anonymous_0)
DA:6,1
DA:17,1
DA:29,1
DA:30,0
LF:4
LH:3
BRF:0
BRH:0
end_of_record
TN:
SF:client/src/components/LoanType.jsx
FN:68,(anonymous_0)
FN:71,(anonymous_1)
FNF:2
FNH:0
FNDA:0,(anonymous_0)
FNDA:0,(anonymous_1)
DA:4,1
DA:16,1
DA:27,1
DA:52,1
DA:60,1
DA:68,1
DA:69,0
DA:71,0
DA:72,0
DA:75,0
LF:10
LH:6
BRF:0
BRH:0
end_of_record
TN:
SF:client/src/components/RangeSlider.jsx
FN:8,(anonymous_0)
FN:9,(anonymous_1)
FN:14,(anonymous_2)
FN:18,(anonymous_3)
FNF:4
FNH:0
FNDA:0,(anonymous_0)
FNDA:0,(anonymous_1)
FNDA:0,(anonymous_2)
FNDA:0,(anonymous_3)
DA:4,1
DA:8,0
DA:9,0
DA:14,1
DA:15,0
DA:16,0
DA:18,0
DA:19,0
DA:20,0
DA:23,0
LF:10
LH:2
BRF:0
BRH:0
end_of_record
TN:
SF:client/src/utils/calculator.jsx
FN:1,(anonymous_0)
FN:3,(anonymous_1)
FN:5,(anonymous_2)
FN:7,(anonymous_3)
FN:18,(anonymous_4)
FNF:5
FNH:5
FNDA:4,(anonymous_0)
FNDA:4,(anonymous_1)
FNDA:3,(anonymous_2)
FNDA:3,(anonymous_3)
FNDA:3,(anonymous_4)
DA:1,4
DA:3,4
DA:5,3
DA:7,2
DA:13,3
DA:14,3
DA:15,3
DA:18,3
LF:8
LH:8
BRDA:18,0,0,0
BRF:1
BRH:0
end_of_record
